<?xml version="1.0" encoding="UTF-8"?>
<!-- Generated by org.testng.reporters.JUnitXMLReporter -->
<testsuite hostname="Admin-PC" ignored="0" name="Default test" tests="4" failures="0" timestamp="19 Jul 2019 19:41:56 GMT" time="44.67" errors="0">
  <testcase name="dataProviderTest" time="1.697" classname="com.qa.DataDriven.Tests.DataProviderTest"/>
  <testcase name="dataProviderTest" time="1.575" classname="com.qa.DataDriven.Tests.DataProviderTest"/>
  <testcase name="dataProviderTest" time="1.601" classname="com.qa.DataDriven.Tests.DataProviderTest"/>
  <testcase name="dataProviderTest" time="1.739" classname="com.qa.DataDriven.Tests.DataProviderTest"/>
</testsuite> <!-- Default test -->
