<?xml version="1.0" encoding="UTF-8"?>
<testng-results skipped="0" failed="0" ignored="0" total="1" passed="1">
  <reporter-output>
  </reporter-output>
  <suite name="Default suite" duration-ms="20918" started-at="2019-07-15T17:33:41Z" finished-at="2019-07-15T17:34:01Z">
    <groups>
    </groups>
    <test name="Default test" duration-ms="20918" started-at="2019-07-15T17:33:41Z" finished-at="2019-07-15T17:34:01Z">
      <class name="com.qa.DataDriven.Tests.ParameterizeTest">
        <test-method status="PASS" signature="fillRegistrationPageData()[pri:0, instance:com.qa.DataDriven.Tests.ParameterizeTest@475530b9]" name="fillRegistrationPageData" duration-ms="20893" started-at="2019-07-15T23:03:41Z" finished-at="2019-07-15T23:04:01Z">
          <reporter-output>
          </reporter-output>
        </test-method> <!-- fillRegistrationPageData -->
      </class> <!-- com.qa.DataDriven.Tests.ParameterizeTest -->
    </test> <!-- Default test -->
  </suite> <!-- Default suite -->
</testng-results>
